<?xml version="1.0" encoding="UTF-8"?>
<!-- Generated by org.testng.reporters.JUnitXMLReporter -->
<testsuite ignored="0" hostname="LAPTOP-RHV5NNOA" failures="1" tests="1" name="Test" time="2.679" errors="0" timestamp="2025-06-06T09:19:56 IST">
  <testcase classname="com.growth99.testcases.BrokenUrlTestCases" name="validateRumaUrlsFromGoogle" time="0.248">
    <failure type="java.lang.NullPointerException" message="Cannot invoke &amp;quot;com.aventstack.extentreports.ExtentTest.log(com.aventstack.extentreports.Status, String)&amp;quot; because the return value of &amp;quot;com.growth99.utils.WebUtils.getExtentTest()&amp;quot; is null">
      <![CDATA[java.lang.NullPointerException: Cannot invoke "com.aventstack.extentreports.ExtentTest.log(com.aventstack.extentreports.Status, String)" because the return value of "com.growth99.utils.WebUtils.getExtentTest()" is null
at com.growth99.utils.WebUtils.logFailure(WebUtils.java:47)
at com.growth99.utils.WebUtils.enterText(WebUtils.java:67)
at com.growth99.pages.GooglePage.enterSiteInGoogleSearch(GooglePage.java:47)
at com.growth99.pages.GooglePage.validateSiteUrl(GooglePage.java:91)
at com.growth99.testcases.BrokenUrlTestCases.validateRumaUrlsFromGoogle(BrokenUrlTestCases.java:45)
at java.base/java.util.ArrayList.forEach(ArrayList.java:1511)
... Removed 27 stack frames]]>
    </failure>
  </testcase> <!-- validateRumaUrlsFromGoogle -->
</testsuite> <!-- Test -->
